[0m[1mdocker_image.spidy_app: Refreshing state... [id=sha256:baa162d102fdd9c80277819b00086ef9a9e2c3b3275a790b3845a1f5b789c888ghostpxe-docker:5000/spidy-elevatelabs-task2:latest][0m
[0m[1mdocker_container.spidy_container: Refreshing state... [id=a18f6b7ac953f0b84ac1a472c3b43184072282048d2af5af18cd50193ff9e580][0m

Terraform used the selected providers to generate the following execution
plan. Resource actions are indicated with the following symbols:
  [31m-[0m destroy[0m

Terraform will perform the following actions:

[1m  # docker_container.spidy_container[0m will be [1m[31mdestroyed[0m
[0m  [31m-[0m[0m resource "docker_container" "spidy_container" {
      [31m-[0m[0m attach                                      = false [90m-> null[0m[0m
      [31m-[0m[0m command                                     = [
          [31m-[0m[0m "npm",
          [31m-[0m[0m "start",
        ] [90m-> null[0m[0m
      [31m-[0m[0m container_read_refresh_timeout_milliseconds = 15000 [90m-> null[0m[0m
      [31m-[0m[0m cpu_shares                                  = 0 [90m-> null[0m[0m
      [31m-[0m[0m dns                                         = [] [90m-> null[0m[0m
      [31m-[0m[0m dns_opts                                    = [] [90m-> null[0m[0m
      [31m-[0m[0m dns_search                                  = [] [90m-> null[0m[0m
      [31m-[0m[0m entrypoint                                  = [
          [31m-[0m[0m "docker-entrypoint.sh",
        ] [90m-> null[0m[0m
      [31m-[0m[0m env                                         = [] [90m-> null[0m[0m
      [31m-[0m[0m group_add                                   = [] [90m-> null[0m[0m
      [31m-[0m[0m hostname                                    = "a18f6b7ac953" [90m-> null[0m[0m
      [31m-[0m[0m id                                          = "a18f6b7ac953f0b84ac1a472c3b43184072282048d2af5af18cd50193ff9e580" [90m-> null[0m[0m
      [31m-[0m[0m image                                       = "sha256:baa162d102fdd9c80277819b00086ef9a9e2c3b3275a790b3845a1f5b789c888" [90m-> null[0m[0m
      [31m-[0m[0m init                                        = false [90m-> null[0m[0m
      [31m-[0m[0m ipc_mode                                    = "private" [90m-> null[0m[0m
      [31m-[0m[0m log_driver                                  = "json-file" [90m-> null[0m[0m
      [31m-[0m[0m log_opts                                    = {} [90m-> null[0m[0m
      [31m-[0m[0m logs                                        = false [90m-> null[0m[0m
      [31m-[0m[0m max_retry_count                             = 0 [90m-> null[0m[0m
      [31m-[0m[0m memory                                      = 0 [90m-> null[0m[0m
      [31m-[0m[0m memory_swap                                 = 0 [90m-> null[0m[0m
      [31m-[0m[0m must_run                                    = true [90m-> null[0m[0m
      [31m-[0m[0m name                                        = "spidy-elevatelabs-task2-app" [90m-> null[0m[0m
      [31m-[0m[0m network_data                                = [
          [31m-[0m[0m {
              [31m-[0m[0m gateway                   = "172.17.0.1"
              [31m-[0m[0m global_ipv6_prefix_length = 0
              [31m-[0m[0m ip_address                = "172.17.0.2"
              [31m-[0m[0m ip_prefix_length          = 16
              [31m-[0m[0m mac_address               = "76:f8:00:18:26:36"
              [31m-[0m[0m network_name              = "bridge"
                [90m# (2 unchanged attributes hidden)[0m[0m
            },
        ] [90m-> null[0m[0m
      [31m-[0m[0m network_mode                                = "bridge" [90m-> null[0m[0m
      [31m-[0m[0m privileged                                  = false [90m-> null[0m[0m
      [31m-[0m[0m publish_all_ports                           = false [90m-> null[0m[0m
      [31m-[0m[0m read_only                                   = false [90m-> null[0m[0m
      [31m-[0m[0m remove_volumes                              = true [90m-> null[0m[0m
      [31m-[0m[0m restart                                     = "unless-stopped" [90m-> null[0m[0m
      [31m-[0m[0m rm                                          = false [90m-> null[0m[0m
      [31m-[0m[0m runtime                                     = "runc" [90m-> null[0m[0m
      [31m-[0m[0m security_opts                               = [] [90m-> null[0m[0m
      [31m-[0m[0m shm_size                                    = 64 [90m-> null[0m[0m
      [31m-[0m[0m start                                       = true [90m-> null[0m[0m
      [31m-[0m[0m stdin_open                                  = false [90m-> null[0m[0m
      [31m-[0m[0m stop_timeout                                = 0 [90m-> null[0m[0m
      [31m-[0m[0m storage_opts                                = {} [90m-> null[0m[0m
      [31m-[0m[0m sysctls                                     = {} [90m-> null[0m[0m
      [31m-[0m[0m tmpfs                                       = {} [90m-> null[0m[0m
      [31m-[0m[0m tty                                         = false [90m-> null[0m[0m
      [31m-[0m[0m wait                                        = false [90m-> null[0m[0m
      [31m-[0m[0m wait_timeout                                = 60 [90m-> null[0m[0m
      [31m-[0m[0m working_dir                                 = "/app" [90m-> null[0m[0m
        [90m# (7 unchanged attributes hidden)[0m[0m

      [31m-[0m[0m ports {
          [31m-[0m[0m external = 8181 [90m-> null[0m[0m
          [31m-[0m[0m internal = 10101 [90m-> null[0m[0m
          [31m-[0m[0m ip       = "0.0.0.0" [90m-> null[0m[0m
          [31m-[0m[0m protocol = "tcp" [90m-> null[0m[0m
        }
    }

[1m  # docker_image.spidy_app[0m will be [1m[31mdestroyed[0m
[0m  [31m-[0m[0m resource "docker_image" "spidy_app" {
      [31m-[0m[0m id           = "sha256:baa162d102fdd9c80277819b00086ef9a9e2c3b3275a790b3845a1f5b789c888ghostpxe-docker:5000/spidy-elevatelabs-task2:latest" [90m-> null[0m[0m
      [31m-[0m[0m image_id     = "sha256:baa162d102fdd9c80277819b00086ef9a9e2c3b3275a790b3845a1f5b789c888" [90m-> null[0m[0m
      [31m-[0m[0m keep_locally = false [90m-> null[0m[0m
      [31m-[0m[0m name         = "ghostpxe-docker:5000/spidy-elevatelabs-task2:latest" [90m-> null[0m[0m
      [31m-[0m[0m repo_digest  = "ghostpxe-docker:5000/spidy-elevatelabs-task2@sha256:5db56681d9ed1681762d643ab17c387db93f2adeca6b281962d9898950531e11" [90m-> null[0m[0m
    }

[1mPlan:[0m 0 to add, 0 to change, 2 to destroy.
[0m[0m[1mdocker_container.spidy_container: Destroying... [id=a18f6b7ac953f0b84ac1a472c3b43184072282048d2af5af18cd50193ff9e580][0m[0m
[0m[1mdocker_container.spidy_container: Destruction complete after 5s[0m
[0m[1mdocker_image.spidy_app: Destroying... [id=sha256:baa162d102fdd9c80277819b00086ef9a9e2c3b3275a790b3845a1f5b789c888ghostpxe-docker:5000/spidy-elevatelabs-task2:latest][0m[0m
[0m[1mdocker_image.spidy_app: Destruction complete after 1s[0m
[0m[1m[32m
Destroy complete! Resources: 2 destroyed.
[0m